This is pdfTeX, Version 3.141592653-2.6-1.40.24 (MiKTeX 23.1) (preloaded format=pdflatex 2023.2.2)  13 MAR 2023 09:08
entering extended mode
 restricted \write18 enabled.
 %&-line parsing enabled.
**./Main.tex
(Main.tex
LaTeX2e <2022-11-01> patch level 1
L3 programming layer <2023-01-24>
(C:\Program Files\MiKTeX\tex/latex/base\article.cls
Document Class: article 2022/07/02 v1.4n Standard LaTeX document class
(C:\Program Files\MiKTeX\tex/latex/base\size12.clo
File: size12.clo 2022/07/02 v1.4n Standard LaTeX file (size option)
)
\c@part=\count185
\c@section=\count186
\c@subsection=\count187
\c@subsubsection=\count188
\c@paragraph=\count189
\c@subparagraph=\count190
\c@figure=\count191
\c@table=\count192
\abovecaptionskip=\skip48
\belowcaptionskip=\skip49
\bibindent=\dimen140
)
(C:\Users\huriy\AppData\Roaming\MiKTeX\tex/latex/geometry\geometry.sty
Package: geometry 2020/01/02 v5.9 Page Geometry

(C:\Program Files\MiKTeX\tex/latex/graphics\keyval.sty
Package: keyval 2022/05/29 v1.15 key=value parser (DPC)
\KV@toks@=\toks16
)
(C:\Program Files\MiKTeX\tex/generic/iftex\ifvtex.sty
Package: ifvtex 2019/10/25 v1.7 ifvtex legacy package. Use iftex instead.

(C:\Program Files\MiKTeX\tex/generic/iftex\iftex.sty
Package: iftex 2022/02/03 v1.0f TeX engine tests
))
\Gm@cnth=\count193
\Gm@cntv=\count194
\c@Gm@tempcnt=\count195
\Gm@bindingoffset=\dimen141
\Gm@wd@mp=\dimen142
\Gm@odd@mp=\dimen143
\Gm@even@mp=\dimen144
\Gm@layoutwidth=\dimen145
\Gm@layoutheight=\dimen146
\Gm@layouthoffset=\dimen147
\Gm@layoutvoffset=\dimen148
\Gm@dimlist=\toks17

(C:\Users\huriy\AppData\Roaming\MiKTeX\tex/latex/geometry\geometry.cfg))
(C:\Users\huriy\AppData\Roaming\MiKTeX\tex/latex/fancyhdr\fancyhdr.sty
Package: fancyhdr 2022/11/09 v4.1 Extensive control of page headers and footers

\f@nch@headwidth=\skip50
\f@nch@O@elh=\skip51
\f@nch@O@erh=\skip52
\f@nch@O@olh=\skip53
\f@nch@O@orh=\skip54
\f@nch@O@elf=\skip55
\f@nch@O@erf=\skip56
\f@nch@O@olf=\skip57
\f@nch@O@orf=\skip58
)
(C:\Users\huriy\AppData\Roaming\MiKTeX\tex/latex/lastpage\lastpage.sty
Package: lastpage 2021/09/03 v1.2n Refers to last page's name (HMM; JPG)
)
(C:\Program Files\MiKTeX\tex/latex/tools\bm.sty
Package: bm 2022/01/05 v1.2f Bold Symbol Support (DPC/FMi)
\symboldoperators=\mathgroup4
\symboldletters=\mathgroup5
\symboldsymbols=\mathgroup6
Package bm Info: No bold for \OMX/cmex/m/n, using \pmb.
LaTeX Font Info:    Redeclaring math alphabet \mathbf on input line 149.
)
(C:\Users\huriy\AppData\Roaming\MiKTeX\tex/latex/mathtools\mathtools.sty
Package: mathtools 2022/06/29 v1.29 mathematical typesetting tools

(C:\Program Files\MiKTeX\tex/latex/tools\calc.sty
Package: calc 2017/05/25 v4.3 Infix arithmetic (KKT,FJ)
\calc@Acount=\count196
\calc@Bcount=\count197
\calc@Adimen=\dimen149
\calc@Bdimen=\dimen150
\calc@Askip=\skip59
\calc@Bskip=\skip60
LaTeX Info: Redefining \setlength on input line 80.
LaTeX Info: Redefining \addtolength on input line 81.
\calc@Ccount=\count198
\calc@Cskip=\skip61
)
(C:\Users\huriy\AppData\Roaming\MiKTeX\tex/latex/mathtools\mhsetup.sty
Package: mhsetup 2021/03/18 v1.4 programming setup (MH)
)
(C:\Program Files\MiKTeX\tex/latex/amsmath\amsmath.sty
Package: amsmath 2022/04/08 v2.17n AMS math features
\@mathmargin=\skip62

For additional information on amsmath, use the `?' option.
(C:\Program Files\MiKTeX\tex/latex/amsmath\amstext.sty
Package: amstext 2021/08/26 v2.01 AMS text

(C:\Program Files\MiKTeX\tex/latex/amsmath\amsgen.sty
File: amsgen.sty 1999/11/30 v2.0 generic functions
\@emptytoks=\toks18
\ex@=\dimen151
))
(C:\Program Files\MiKTeX\tex/latex/amsmath\amsbsy.sty
Package: amsbsy 1999/11/29 v1.2d Bold Symbols
LaTeX Info: Redefining \boldsymbol on input line 28.
\pmbraise@=\dimen152
)
(C:\Program Files\MiKTeX\tex/latex/amsmath\amsopn.sty
Package: amsopn 2022/04/08 v2.04 operator names
)
\inf@bad=\count199
LaTeX Info: Redefining \frac on input line 234.
\uproot@=\count266
\leftroot@=\count267
LaTeX Info: Redefining \overline on input line 399.
LaTeX Info: Redefining \colon on input line 410.
\classnum@=\count268
\DOTSCASE@=\count269
LaTeX Info: Redefining \ldots on input line 496.
LaTeX Info: Redefining \dots on input line 499.
LaTeX Info: Redefining \cdots on input line 620.
\Mathstrutbox@=\box51
\strutbox@=\box52
LaTeX Info: Redefining \big on input line 722.
LaTeX Info: Redefining \Big on input line 723.
LaTeX Info: Redefining \bigg on input line 724.
LaTeX Info: Redefining \Bigg on input line 725.
\big@size=\dimen153
LaTeX Font Info:    Redeclaring font encoding OML on input line 743.
LaTeX Font Info:    Redeclaring font encoding OMS on input line 744.
\macc@depth=\count270
LaTeX Info: Redefining \bmod on input line 905.
LaTeX Info: Redefining \pmod on input line 910.
LaTeX Info: Redefining \smash on input line 940.
LaTeX Info: Redefining \relbar on input line 970.
LaTeX Info: Redefining \Relbar on input line 971.
\c@MaxMatrixCols=\count271
\dotsspace@=\muskip16
\c@parentequation=\count272
\dspbrk@lvl=\count273
\tag@help=\toks19
\row@=\count274
\column@=\count275
\maxfields@=\count276
\andhelp@=\toks20
\eqnshift@=\dimen154
\alignsep@=\dimen155
\tagshift@=\dimen156
\tagwidth@=\dimen157
\totwidth@=\dimen158
\lineht@=\dimen159
\@envbody=\toks21
\multlinegap=\skip63
\multlinetaggap=\skip64
\mathdisplay@stack=\toks22
LaTeX Info: Redefining \[ on input line 2953.
LaTeX Info: Redefining \] on input line 2954.
)
\g_MT_multlinerow_int=\count277
\l_MT_multwidth_dim=\dimen160
\origjot=\skip65
\l_MT_shortvdotswithinadjustabove_dim=\dimen161
\l_MT_shortvdotswithinadjustbelow_dim=\dimen162
\l_MT_above_intertext_sep=\dimen163
\l_MT_below_intertext_sep=\dimen164
\l_MT_above_shortintertext_sep=\dimen165
\l_MT_below_shortintertext_sep=\dimen166
\xmathstrut@box=\box53
\xmathstrut@dim=\dimen167
)
(C:\Program Files\MiKTeX\tex/latex/amsfonts\amssymb.sty
Package: amssymb 2013/01/14 v3.01 AMS font symbols

(C:\Program Files\MiKTeX\tex/latex/amsfonts\amsfonts.sty
Package: amsfonts 2013/01/14 v3.01 Basic AMSFonts support
\symAMSa=\mathgroup7
\symAMSb=\mathgroup8
LaTeX Font Info:    Redeclaring math symbol \hbar on input line 98.
LaTeX Font Info:    Overwriting math alphabet `\mathfrak' in version `bold'
(Font)                  U/euf/m/n --> U/euf/b/n on input line 106.
))
(C:\Program Files\MiKTeX\tex/latex/tools\array.sty
Package: array 2022/03/10 v2.5f Tabular extension package (FMi)
\col@sep=\dimen168
\ar@mcellbox=\box54
\extrarowheight=\dimen169
\NC@list=\toks23
\extratabsurround=\skip66
\backup@length=\skip67
\ar@cellbox=\box55
)
(C:\Users\huriy\AppData\Roaming\MiKTeX\tex/latex/multirow\multirow.sty
Package: multirow 2021/03/15 v2.8 Span multiple rows of a table
\multirow@colwidth=\skip68
\multirow@cntb=\count278
\multirow@dima=\skip69
\bigstrutjot=\dimen170
)
(C:\Program Files\MiKTeX\tex/latex/graphics\graphicx.sty
Package: graphicx 2021/09/16 v1.2d Enhanced LaTeX Graphics (DPC,SPQR)

(C:\Program Files\MiKTeX\tex/latex/graphics\graphics.sty
Package: graphics 2022/03/10 v1.4e Standard LaTeX Graphics (DPC,SPQR)

(C:\Program Files\MiKTeX\tex/latex/graphics\trig.sty
Package: trig 2021/08/11 v1.11 sin cos tan (DPC)
)
(C:\Program Files\MiKTeX\tex/latex/graphics-cfg\graphics.cfg
File: graphics.cfg 2016/06/04 v1.11 sample graphics configuration
)
Package graphics Info: Driver file: pdftex.def on input line 107.

(C:\Program Files\MiKTeX\tex/latex/graphics-def\pdftex.def
File: pdftex.def 2022/09/22 v1.2b Graphics/color driver for pdftex
))
\Gin@req@height=\dimen171
\Gin@req@width=\dimen172
)
(C:\Users\huriy\AppData\Roaming\MiKTeX\tex/latex/subfig\subfig.sty
Package: subfig 2005/06/28 ver: 1.3 subfig package

(C:\Users\huriy\AppData\Roaming\MiKTeX\tex/latex/caption\caption.sty
Package: caption 2022/03/01 v3.6b Customizing captions (AR)

(C:\Users\huriy\AppData\Roaming\MiKTeX\tex/latex/caption\caption3.sty
Package: caption3 2022/03/17 v2.3b caption3 kernel (AR)
\caption@tempdima=\dimen173
\captionmargin=\dimen174
\caption@leftmargin=\dimen175
\caption@rightmargin=\dimen176
\caption@width=\dimen177
\caption@indent=\dimen178
\caption@parindent=\dimen179
\caption@hangindent=\dimen180
Package caption Info: Standard document class detected.
)
\c@caption@flags=\count279
\c@continuedfloat=\count280
)
\c@KVtest=\count281
\sf@farskip=\skip70
\sf@captopadj=\dimen181
\sf@capskip=\skip71
\sf@nearskip=\skip72
\c@subfigure=\count282
\c@subfigure@save=\count283
\c@lofdepth=\count284
\c@subtable=\count285
\c@subtable@save=\count286
\c@lotdepth=\count287
\sf@top=\skip73
\sf@bottom=\skip74
)
(C:\Program Files\MiKTeX\tex/latex/graphics\lscape.sty
Package: lscape 2020/05/28 v3.02 Landscape Pages (DPC)
)
(C:\Program Files\MiKTeX\tex/latex/hyperref\hyperref.sty
Package: hyperref 2022-11-13 v7.00u Hypertext links for LaTeX

(C:\Users\huriy\AppData\Roaming\MiKTeX\tex/generic/ltxcmds\ltxcmds.sty
Package: ltxcmds 2020-05-10 v1.25 LaTeX kernel commands for general use (HO)
)
(C:\Program Files\MiKTeX\tex/generic/pdftexcmds\pdftexcmds.sty
Package: pdftexcmds 2020-06-27 v0.33 Utility functions of pdfTeX for LuaTeX (HO
)

(C:\Users\huriy\AppData\Roaming\MiKTeX\tex/generic/infwarerr\infwarerr.sty
Package: infwarerr 2019/12/03 v1.5 Providing info/warning/error messages (HO)
)
Package pdftexcmds Info: \pdf@primitive is available.
Package pdftexcmds Info: \pdf@ifprimitive is available.
Package pdftexcmds Info: \pdfdraftmode found.
)
(C:\Users\huriy\AppData\Roaming\MiKTeX\tex/latex/kvsetkeys\kvsetkeys.sty
Package: kvsetkeys 2022-10-05 v1.19 Key value parser (HO)
)
(C:\Users\huriy\AppData\Roaming\MiKTeX\tex/generic/kvdefinekeys\kvdefinekeys.st
y
Package: kvdefinekeys 2019-12-19 v1.6 Define keys (HO)
) (C:\Users\huriy\AppData\Roaming\MiKTeX\tex/generic/pdfescape\pdfescape.sty
Package: pdfescape 2019/12/09 v1.15 Implements pdfTeX's escape features (HO)
)
(C:\Users\huriy\AppData\Roaming\MiKTeX\tex/latex/hycolor\hycolor.sty
Package: hycolor 2020-01-27 v1.10 Color options for hyperref/bookmark (HO)
)
(C:\Users\huriy\AppData\Roaming\MiKTeX\tex/latex/letltxmacro\letltxmacro.sty
Package: letltxmacro 2019/12/03 v1.6 Let assignment for LaTeX macros (HO)
)
(C:\Users\huriy\AppData\Roaming\MiKTeX\tex/latex/auxhook\auxhook.sty
Package: auxhook 2019-12-17 v1.6 Hooks for auxiliary files (HO)
)
(C:\Program Files\MiKTeX\tex/latex/hyperref\nameref.sty
Package: nameref 2022-05-17 v2.50 Cross-referencing by name of section

(C:\Users\huriy\AppData\Roaming\MiKTeX\tex/latex/refcount\refcount.sty
Package: refcount 2019/12/15 v3.6 Data extraction from label references (HO)
)
(C:\Users\huriy\AppData\Roaming\MiKTeX\tex/generic/gettitlestring\gettitlestrin
g.sty
Package: gettitlestring 2019/12/15 v1.6 Cleanup title references (HO)
 (C:\Users\huriy\AppData\Roaming\MiKTeX\tex/latex/kvoptions\kvoptions.sty
Package: kvoptions 2022-06-15 v3.15 Key value format for package options (HO)
))
\c@section@level=\count288
)
\@linkdim=\dimen182
\Hy@linkcounter=\count289
\Hy@pagecounter=\count290
 (C:\Program Files\MiKTeX\tex/latex/hyperref\pd1enc.def
File: pd1enc.def 2022-11-13 v7.00u Hyperref: PDFDocEncoding definition (HO)
Now handling font encoding PD1 ...
... no UTF-8 mapping file for font encoding PD1
)
(C:\Users\huriy\AppData\Roaming\MiKTeX\tex/generic/intcalc\intcalc.sty
Package: intcalc 2019/12/15 v1.3 Expandable calculations with integers (HO)
)
(C:\Users\huriy\AppData\Roaming\MiKTeX\tex/generic/etexcmds\etexcmds.sty
Package: etexcmds 2019/12/15 v1.7 Avoid name clashes with e-TeX commands (HO)
)
\Hy@SavedSpaceFactor=\count291

(C:\Program Files\MiKTeX\tex/latex/hyperref\puenc.def
File: puenc.def 2022-11-13 v7.00u Hyperref: PDF Unicode definition (HO)
Now handling font encoding PU ...
... no UTF-8 mapping file for font encoding PU
)
Package hyperref Info: Hyper figures OFF on input line 4162.
Package hyperref Info: Link nesting OFF on input line 4167.
Package hyperref Info: Hyper index ON on input line 4170.
Package hyperref Info: Plain pages OFF on input line 4177.
Package hyperref Info: Backreferencing OFF on input line 4182.
Package hyperref Info: Implicit mode ON; LaTeX internals redefined.
Package hyperref Info: Bookmarks ON on input line 4410.
\c@Hy@tempcnt=\count292

(C:\Program Files\MiKTeX\tex/latex/url\url.sty
\Urlmuskip=\muskip17
Package: url 2013/09/16  ver 3.4  Verb mode for urls, etc.
)
LaTeX Info: Redefining \url on input line 4748.
\XeTeXLinkMargin=\dimen183

(C:\Users\huriy\AppData\Roaming\MiKTeX\tex/generic/bitset\bitset.sty
Package: bitset 2019/12/09 v1.3 Handle bit-vector datatype (HO)

(C:\Users\huriy\AppData\Roaming\MiKTeX\tex/generic/bigintcalc\bigintcalc.sty
Package: bigintcalc 2019/12/15 v1.5 Expandable calculations on big integers (HO
)
))
\Fld@menulength=\count293
\Field@Width=\dimen184
\Fld@charsize=\dimen185
Package hyperref Info: Hyper figures OFF on input line 6027.
Package hyperref Info: Link nesting OFF on input line 6032.
Package hyperref Info: Hyper index ON on input line 6035.
Package hyperref Info: backreferencing OFF on input line 6042.
Package hyperref Info: Link coloring OFF on input line 6047.
Package hyperref Info: Link coloring with OCG OFF on input line 6052.
Package hyperref Info: PDF/A mode OFF on input line 6057.

(C:\Program Files\MiKTeX\tex/latex/base\atbegshi-ltx.sty
Package: atbegshi-ltx 2021/01/10 v1.0c Emulation of the original atbegshi
package with kernel methods
)
\Hy@abspage=\count294
\c@Item=\count295
\c@Hfootnote=\count296
)
Package hyperref Info: Driver (autodetected): hpdftex.

(C:\Program Files\MiKTeX\tex/latex/hyperref\hpdftex.def
File: hpdftex.def 2022-11-13 v7.00u Hyperref driver for pdfTeX

(C:\Program Files\MiKTeX\tex/latex/base\atveryend-ltx.sty
Package: atveryend-ltx 2020/08/19 v1.0a Emulation of the original atveryend pac
kage
with kernel methods
)
\Fld@listcount=\count297
\c@bookmark@seq@number=\count298

(C:\Users\huriy\AppData\Roaming\MiKTeX\tex/latex/rerunfilecheck\rerunfilecheck.
sty
Package: rerunfilecheck 2022-07-10 v1.10 Rerun checks for auxiliary files (HO)

(C:\Users\huriy\AppData\Roaming\MiKTeX\tex/generic/uniquecounter\uniquecounter.
sty
Package: uniquecounter 2019/12/15 v1.4 Provide unlimited unique counter (HO)
)
Package uniquecounter Info: New unique counter `rerunfilecheck' on input line 2
85.
)
\Hy@SectionHShift=\skip75
) (C:\Users\huriy\AppData\Roaming\MiKTeX\tex/latex/tocbibind\tocbibind.sty
Package: tocbibind 2010/10/13 v1.5k extra ToC listings
Package tocbibind Info: The document has section divisions on input line 50.

Package tocbibind Note: Using section or other style headings.

) (C:\Program Files\MiKTeX\tex/latex/listings\listings.sty
\lst@mode=\count299
\lst@gtempboxa=\box56
\lst@token=\toks24
\lst@length=\count300
\lst@currlwidth=\dimen186
\lst@column=\count301
\lst@pos=\count302
\lst@lostspace=\dimen187
\lst@width=\dimen188
\lst@newlines=\count303
\lst@lineno=\count304
\lst@maxwidth=\dimen189

(C:\Program Files\MiKTeX\tex/latex/listings\lstmisc.sty
File: lstmisc.sty 2020/03/24 1.8d (Carsten Heinz)
\c@lstnumber=\count305
\lst@skipnumbers=\count306
\lst@framebox=\box57
)
(C:\Program Files\MiKTeX\tex/latex/listings\listings.cfg
File: listings.cfg 2020/03/24 1.8d listings configuration
))
Package: listings 2020/03/24 1.8d (Carsten Heinz)

(C:\Program Files\MiKTeX\tex/latex/xcolor\xcolor.sty
Package: xcolor 2022/06/12 v2.14 LaTeX color extensions (UK)

(C:\Program Files\MiKTeX\tex/latex/graphics-cfg\color.cfg
File: color.cfg 2016/01/02 v1.6 sample color configuration
)
Package xcolor Info: Driver file: pdftex.def on input line 227.

(C:\Program Files\MiKTeX\tex/latex/graphics\mathcolor.ltx)
Package xcolor Info: Model `cmy' substituted by `cmy0' on input line 1353.
Package xcolor Info: Model `hsb' substituted by `rgb' on input line 1357.
Package xcolor Info: Model `RGB' extended on input line 1369.
Package xcolor Info: Model `HTML' substituted by `rgb' on input line 1371.
Package xcolor Info: Model `Hsb' substituted by `hsb' on input line 1372.
Package xcolor Info: Model `tHsb' substituted by `hsb' on input line 1373.
Package xcolor Info: Model `HSB' substituted by `hsb' on input line 1374.
Package xcolor Info: Model `Gray' substituted by `gray' on input line 1375.
Package xcolor Info: Model `wave' substituted by `hsb' on input line 1376.
)
(C:\Users\huriy\AppData\Roaming\MiKTeX\tex/latex/float\float.sty
Package: float 2001/11/08 v1.3d Float enhancements (AL)
\c@float@type=\count307
\float@exts=\toks25
\float@box=\box58
\@float@everytoks=\toks26
\@floatcapt=\box59
)
(C:\Users\huriy\AppData\Roaming\MiKTeX\tex/latex/enumitem\enumitem.sty
Package: enumitem 2019/06/20 v3.9 Customized lists
\labelindent=\skip76
\enit@outerparindent=\dimen190
\enit@toks=\toks27
\enit@inbox=\box60
\enit@count@id=\count308
\enitdp@description=\count309
)
(mcode.sty
-- Package: `mcode' 2.3 <2012/08/31> --
Package: mcode 2012/08/31 2.3
 - settings optimized for display (colour formating)
 - line numbering enabled
 - framed listings
) (C:\Users\huriy\AppData\Roaming\MiKTeX\tex/latex/bookmark\bookmark.sty
Package: bookmark 2020-11-06 v1.29 PDF bookmarks (HO)

(C:\Users\huriy\AppData\Roaming\MiKTeX\tex/latex/bookmark\bkm-pdftex.def
File: bkm-pdftex.def 2020-11-06 v1.29 bookmark driver for pdfTeX (HO)
\BKM@id=\count310
))
(C:\Users\huriy\AppData\Roaming\MiKTeX\tex/latex/booktabs\booktabs.sty
Package: booktabs 2020/01/12 v1.61803398 Publication quality tables
\heavyrulewidth=\dimen191
\lightrulewidth=\dimen192
\cmidrulewidth=\dimen193
\belowrulesep=\dimen194
\belowbottomsep=\dimen195
\aboverulesep=\dimen196
\abovetopsep=\dimen197
\cmidrulesep=\dimen198
\cmidrulekern=\dimen199
\defaultaddspace=\dimen256
\@cmidla=\count311
\@cmidlb=\count312
\@aboverulesep=\dimen257
\@belowrulesep=\dimen258
\@thisruleclass=\count313
\@lastruleclass=\count314
\@thisrulewidth=\dimen259
)
(C:\Users\huriy\AppData\Roaming\MiKTeX\tex/latex/comment\comment.sty
\CommentStream=\write3

Excluding comment 'comment')
(C:\Users\huriy\AppData\Roaming\MiKTeX\tex/latex/csquotes\csquotes.sty
Package: csquotes 2022-09-14 v5.2n context-sensitive quotations (JAW)

(C:\Program Files\MiKTeX\tex/latex/etoolbox\etoolbox.sty
Package: etoolbox 2020/10/05 v2.5k e-TeX tools for LaTeX (JAW)
\etb@tempcnta=\count315
)
\csq@reset=\count316
\csq@gtype=\count317
\csq@glevel=\count318
\csq@qlevel=\count319
\csq@maxlvl=\count320
\csq@tshold=\count321
\csq@ltx@everypar=\toks28

(C:\Users\huriy\AppData\Roaming\MiKTeX\tex/latex/csquotes\csquotes.def
File: csquotes.def 2022-09-14 v5.2n csquotes generic definitions (JAW)
)
Package csquotes Info: Trying to load configuration file 'csquotes.cfg'...
Package csquotes Info: ... configuration file loaded successfully.

(C:\Users\huriy\AppData\Roaming\MiKTeX\tex/latex/csquotes\csquotes.cfg
File: csquotes.cfg 
))
(C:\Users\huriy\AppData\Roaming\MiKTeX\tex/latex/ulem\ulem.sty
\UL@box=\box61
\UL@hyphenbox=\box62
\UL@skip=\skip77
\UL@hook=\toks29
\UL@height=\dimen260
\UL@pe=\count322
\UL@pixel=\dimen261
\ULC@box=\box63
Package: ulem 2019/11/18
\ULdepth=\dimen262
)
(C:\Users\huriy\AppData\Roaming\MiKTeX\tex/generic/genmisc\nth.sty
Package: nth 2002/02/27
)
Package csquotes Info: Checking for multilingual support...
Package csquotes Info: ... none found.

(C:\Program Files\MiKTeX\tex/latex/l3backend\l3backend-pdftex.def
File: l3backend-pdftex.def 2023-01-16 L3 backend support: PDF output (pdfTeX)
\l__color_backend_stack_int=\count323
\l__pdf_internal_box=\box64
) (Main.aux)
\openout1 = `Main.aux'.

LaTeX Font Info:    Checking defaults for OML/cmm/m/it on input line 123.
LaTeX Font Info:    ... okay on input line 123.
LaTeX Font Info:    Checking defaults for OMS/cmsy/m/n on input line 123.
LaTeX Font Info:    ... okay on input line 123.
LaTeX Font Info:    Checking defaults for OT1/cmr/m/n on input line 123.
LaTeX Font Info:    ... okay on input line 123.
LaTeX Font Info:    Checking defaults for T1/cmr/m/n on input line 123.
LaTeX Font Info:    ... okay on input line 123.
LaTeX Font Info:    Checking defaults for TS1/cmr/m/n on input line 123.
LaTeX Font Info:    ... okay on input line 123.
LaTeX Font Info:    Checking defaults for OMX/cmex/m/n on input line 123.
LaTeX Font Info:    ... okay on input line 123.
LaTeX Font Info:    Checking defaults for U/cmr/m/n on input line 123.
LaTeX Font Info:    ... okay on input line 123.
LaTeX Font Info:    Checking defaults for PD1/pdf/m/n on input line 123.
LaTeX Font Info:    ... okay on input line 123.
LaTeX Font Info:    Checking defaults for PU/pdf/m/n on input line 123.
LaTeX Font Info:    ... okay on input line 123.

*geometry* driver: auto-detecting
*geometry* detected driver: pdftex
*geometry* verbose mode - [ preamble ] result:
* driver: pdftex
* paper: <default>
* layout: <same size as paper>
* layoutoffset:(h,v)=(0.0pt,0.0pt)
* modes: includehead 
* h-part:(L,W,R)=(72.26999pt, 469.75502pt, 72.26999pt)
* v-part:(T,H,B)=(72.26999pt, 650.43001pt, 72.26999pt)
* \paperwidth=614.295pt
* \paperheight=794.96999pt
* \textwidth=469.75502pt
* \textheight=624.58995pt
* \oddsidemargin=0.0pt
* \evensidemargin=0.0pt
* \topmargin=0.0pt
* \headheight=15.0pt
* \headsep=10.84006pt
* \topskip=12.0pt
* \footskip=30.0pt
* \marginparwidth=44.0pt
* \marginparsep=10.0pt
* \columnsep=10.0pt
* \skip\footins=10.8pt plus 4.0pt minus 2.0pt
* \hoffset=0.0pt
* \voffset=0.0pt
* \mag=1000
* \@twocolumnfalse
* \@twosidefalse
* \@mparswitchfalse
* \@reversemarginfalse
* (1in=72.27pt=25.4mm, 1cm=28.453pt)

Package lastpage Info: Please have a look at the pageslts package at
(lastpage)             https://www.ctan.org/pkg/pageslts
(lastpage)             ! on input line 123.
(C:\Program Files\MiKTeX\tex/context/base/mkii\supp-pdf.mkii
[Loading MPS to PDF converter (version 2006.09.02).]
\scratchcounter=\count324
\scratchdimen=\dimen263
\scratchbox=\box65
\nofMPsegments=\count325
\nofMParguments=\count326
\everyMPshowfont=\toks30
\MPscratchCnt=\count327
\MPscratchDim=\dimen264
\MPnumerator=\count328
\makeMPintoPDFobject=\count329
\everyMPtoPDFconversion=\toks31
) (C:\Program Files\MiKTeX\tex/latex/epstopdf-pkg\epstopdf-base.sty
Package: epstopdf-base 2020-01-24 v2.11 Base part for package epstopdf

(C:\Users\huriy\AppData\Roaming\MiKTeX\tex/latex/grfext\grfext.sty
Package: grfext 2019/12/03 v1.3 Manage graphics extensions (HO)
)
Package epstopdf-base Info: Redefining graphics rule for `.eps' on input line 4
85.
Package grfext Info: Graphics extension search list:
(grfext)             [.pdf,.png,.jpg,.mps,.jpeg,.jbig2,.jb2,.PDF,.PNG,.JPG,.JPE
G,.JBIG2,.JB2,.eps]
(grfext)             \AppendGraphicsExtensions on input line 504.

(C:\Program Files\MiKTeX\tex/latex/00miktex\epstopdf-sys.cfg
File: epstopdf-sys.cfg 2021/03/18 v2.0 Configuration of epstopdf for MiKTeX
))
Package caption Info: Begin \AtBeginDocument code.
Package caption Info: subfig package v1.3 is loaded.
Package caption Info: float package is loaded.
Package caption Info: hyperref package is loaded.
Package caption Info: listings package is loaded.
Package caption Info: End \AtBeginDocument code.
Package hyperref Info: Link coloring OFF on input line 123.
\c@lstlisting=\count330
<./fig/itu_logo.png, id=3, 936.49875pt x 526.96875pt>
File: ./fig/itu_logo.png Graphic file (type png)
<use ./fig/itu_logo.png>
Package pdftex.def Info: ./fig/itu_logo.png  used on input line 126.
(pdftex.def)             Requested size: 234.8775pt x 132.15999pt.
LaTeX Font Info:    Trying to load font information for U+msa on input line 126
.

(C:\Program Files\MiKTeX\tex/latex/amsfonts\umsa.fd
File: umsa.fd 2013/01/14 v3.01 AMS symbols A
)
LaTeX Font Info:    Trying to load font information for U+msb on input line 126
.

(C:\Program Files\MiKTeX\tex/latex/amsfonts\umsb.fd
File: umsb.fd 2013/01/14 v3.01 AMS symbols B
) [1

{C:/Users/huriy/AppData/Local/MiKTeX/fonts/map/pdftex/pdftex.map} <./fig/itu_lo
go.png>] (Main.toc)
\tf@toc=\write4
\openout4 = `Main.toc'.


pdfTeX warning (ext4): destination with the same identifier (name{page.}) has b
een already used, duplicate ignored
<to be read again> 
                   \relax 
l.136 \newpage
               [2] (Part01.tex [1]
Overfull \hbox (1.88808pt too wide) detected at line 110
 []$[]  \OML/cmm/m/it/12 p\OT1/cmr/m/n/12 (\OML/cmm/m/it/12 x\OT1/cmr/m/n/12 ) 
= 3\OML/cmm/m/it/12 x[] \OT1/cmr/m/n/12 + 14\OML/cmm/m/it/12 x[]y \OT1/cmr/m/n/
12 + 590\OML/cmm/m/it/12 x[]y[] \OT1/cmr/m/n/12 + 19\OML/cmm/m/it/12 x[]y[] \OM
S/cmsy/m/n/12 ^^@ \OT1/cmr/m/n/12 12\OML/cmm/m/it/12 x[]y[] \OMS/cmsy/m/n/12 ^^
@ \OT1/cmr/m/n/12 12\OML/cmm/m/it/12 xy[] \OT1/cmr/m/n/12 + 2\OML/cmm/m/it/12 y
[] \OMS/cmsy/m/n/12 ^^@ \OML/cmm/m/it/12 a[]b[] \OMS/cmsy/m/n/12 ^^@ \OT1/cmr/m
/n/12 12\OML/cmm/m/it/12 x[]y[] \OMS/cmsy/m/n/12 ^^@ \OT1/cmr/m/n/12 12\OML/cmm
/m/it/12 xy[] \OT1/cmr/m/n/12 + 2\OML/cmm/m/it/12 y[] \OMS/cmsy/m/n/12 ^^@ \OML
/cmm/m/it/12 a[]b[]$ 
 []

[2]
Package epstopdf Info: Source file: <./fig/Q5_B_Bode_Gained.eps>
(epstopdf)                    date: 2020-04-11 18:18:24
(epstopdf)                    size: 57417 bytes
(epstopdf)             Output file: <./fig/Q5_B_Bode_Gained-eps-converted-to.pd
f>
(epstopdf)                    date: 2020-04-11 18:18:24
(epstopdf)                    size: 7028 bytes
(epstopdf)             Command: <miktex-epstopdf --outfile=./fig/Q5_B_Bode_Gain
ed-eps-converted-to.pdf ./fig/Q5_B_Bode_Gained.eps>
(epstopdf)             \includegraphics on input line 119.
Package epstopdf Info: Output file is already uptodate.
<./fig/Q5_B_Bode_Gained-eps-converted-to.pdf, id=60, 421.575pt x 316.18124pt>
File: ./fig/Q5_B_Bode_Gained-eps-converted-to.pdf Graphic file (type pdf)
<use ./fig/Q5_B_Bode_Gained-eps-converted-to.pdf>
Package pdftex.def Info: ./fig/Q5_B_Bode_Gained-eps-converted-to.pdf  used on i
nput line 119.
(pdftex.def)             Requested size: 234.8775pt x 176.1581pt.
Package epstopdf Info: Source file: <./fig/Q5_G_step.eps>
(epstopdf)                    date: 2020-04-11 18:18:24
(epstopdf)                    size: 899193 bytes
(epstopdf)             Output file: <./fig/Q5_G_step-eps-converted-to.pdf>
(epstopdf)                    date: 2020-04-11 18:18:24
(epstopdf)                    size: 68100 bytes
(epstopdf)             Command: <miktex-epstopdf --outfile=./fig/Q5_G_step-eps-
converted-to.pdf ./fig/Q5_G_step.eps>
(epstopdf)             \includegraphics on input line 121.
Package epstopdf Info: Output file is already uptodate.
<./fig/Q5_G_step-eps-converted-to.pdf, id=61, 485.815pt x 294.09875pt>
File: ./fig/Q5_G_step-eps-converted-to.pdf Graphic file (type pdf)
<use ./fig/Q5_G_step-eps-converted-to.pdf>
Package pdftex.def Info: ./fig/Q5_G_step-eps-converted-to.pdf  used on input li
ne 121.
(pdftex.def)             Requested size: 234.8775pt x 142.18446pt.
<./fig/00_F22_Model_v2.pdf, id=62, 794.97pt x 614.295pt>
File: ./fig/00_F22_Model_v2.pdf Graphic file (type pdf)
<use ./fig/00_F22_Model_v2.pdf>
Package pdftex.def Info: ./fig/00_F22_Model_v2.pdf  used on input line 127.
(pdftex.def)             Requested size: 469.75502pt x 110.80072pt.
Package epstopdf Info: Source file: <./fig/Q01_A_pzmap.eps>
(epstopdf)                    date: 2020-04-11 18:18:24
(epstopdf)                    size: 99554 bytes
(epstopdf)             Output file: <./fig/Q01_A_pzmap-eps-converted-to.pdf>
(epstopdf)                    date: 2020-04-11 18:18:24
(epstopdf)                    size: 12547 bytes
(epstopdf)             Command: <miktex-epstopdf --outfile=./fig/Q01_A_pzmap-ep
s-converted-to.pdf ./fig/Q01_A_pzmap.eps>
(epstopdf)             \includegraphics on input line 135.
Package epstopdf Info: Output file is already uptodate.
<./fig/Q01_A_pzmap-eps-converted-to.pdf, id=64, 718.685pt x 528.97626pt>
File: ./fig/Q01_A_pzmap-eps-converted-to.pdf Graphic file (type pdf)
<use ./fig/Q01_A_pzmap-eps-converted-to.pdf>
Package pdftex.def Info: ./fig/Q01_A_pzmap-eps-converted-to.pdf  used on input 
line 135.
(pdftex.def)             Requested size: 469.75502pt x 345.76765pt.
 [3 <./fig/Q5_B_Bode_Gained-eps-converted-to.pdf> <./fig/Q5_G_step-eps-converte
d-to.pdf> <./fig/00_F22_Model_v2.pdf>]) (Part02.tex [4 <./fig/Q01_A_pzmap-eps-c
onverted-to.pdf>]) (Part03.tex [5]) (Part04.tex [6]) [7] (Main.bbl) [8]
Package hyperref Info: bookmark level for unknown lstlisting defaults to 0 on i
nput line 182.
LaTeX Font Info:    Trying to load font information for OT1+pcr on input line 1
82.

(C:\Users\huriy\AppData\Roaming\MiKTeX\tex/latex/psnfss\ot1pcr.fd
File: ot1pcr.fd 2001/06/04 font definitions for OT1/pcr.
)
(code/PlotMFile.m
LaTeX Font Info:    Trying to load font information for TS1+pcr on input line 2
.

(C:\Users\huriy\AppData\Roaming\MiKTeX\tex/latex/psnfss\ts1pcr.fd
File: ts1pcr.fd 2001/06/04 font definitions for TS1/pcr.
)
LaTeX Font Info:    Trying to load font information for OML+pcr on input line 2
.

(C:\Users\huriy\AppData\Roaming\MiKTeX\tex/latex/psnfss\omlpcr.fd
File: omlpcr.fd 
)
LaTeX Font Info:    Font shape `OML/pcr/m/n' in size <10> not available
(Font)              Font shape `OML/cmm/m/it' tried instead on input line 2.
 [9] [10])

AED: lastpage setting LastPage
[11] (Main.aux) ) 
Here is how much of TeX's memory you used:
 16955 strings out of 476375
 268618 string characters out of 5798791
 1905299 words of memory out of 5000000
 36927 multiletter control sequences out of 15000+600000
 530632 words of font info for 99 fonts, out of 8000000 for 9000
 1141 hyphenation exceptions out of 8191
 75i,16n,79p,371b,2100s stack positions out of 10000i,1000n,20000p,200000b,200000s
{C:/Program Files/MiKTeX/fonts/enc/dvips/base/8r.enc} <C:\User
s\huriy\AppData\Local\MiKTeX\fonts/pk/ljfour/jknappen/ec/dpi600\tcrm0700.pk> <C
:\Users\huriy\AppData\Local\MiKTeX\fonts/pk/ljfour/jknappen/ec/dpi600\tcrm1000.
pk><C:/Program Files/MiKTeX/fonts/type1/public/amsfonts/cm/cmbx12.pfb><C:/Progr
am Files/MiKTeX/fonts/type1/public/amsfonts/cm/cmex10.pfb><C:/Program Files/MiK
TeX/fonts/type1/public/amsfonts/cm/cmmi10.pfb><C:/Program Files/MiKTeX/fonts/ty
pe1/public/amsfonts/cm/cmmi12.pfb><C:/Program Files/MiKTeX/fonts/type1/public/a
msfonts/cm/cmmi8.pfb><C:/Program Files/MiKTeX/fonts/type1/public/amsfonts/cm/cm
r10.pfb><C:/Program Files/MiKTeX/fonts/type1/public/amsfonts/cm/cmr12.pfb><C:/P
rogram Files/MiKTeX/fonts/type1/public/amsfonts/cm/cmr6.pfb><C:/Program Files/M
iKTeX/fonts/type1/public/amsfonts/cm/cmr8.pfb><C:/Program Files/MiKTeX/fonts/ty
pe1/public/amsfonts/cm/cmsy10.pfb><C:/Program Files/MiKTeX/fonts/type1/public/a
msfonts/cm/cmsy8.pfb><C:/Program Files/MiKTeX/fonts/type1/public/amsfonts/cm/cm
ti12.pfb><C:/Program Files/MiKTeX/fonts/type1/urw/courier/ucrr8a.pfb>
Output written on Main.pdf (13 pages, 702479 bytes).
PDF statistics:
 369 PDF objects out of 1000 (max. 8388607)
 126 named destinations out of 1000 (max. 500000)
 112 words of extra memory for PDF output out of 10000 (max. 10000000)

